Fitting 4 folds for each of 1 candidates, totalling 4 fits
Best parameter: {'n_jobs': 4}
Best score: -41834.34208941989
K:  1 , RMSE:  101575.68636236273
K:  2 , RMSE:  100912.10560534144
K:  3 , RMSE:  69138.00376952294
K:  4 , RMSE:  68927.1316005954
K:  5 , RMSE:  68898.26226200718
K:  6 , RMSE:  68897.9375203079
K:  7 , RMSE:  68408.4599655727
K:  8 , RMSE:  67948.97016352098
K:  9 , RMSE:  67839.52619122862
K:  10 , RMSE:  67140.06468951821
K:  11 , RMSE:  66982.69142114575
K:  12 , RMSE:  66843.97594623896
K:  13 , RMSE:  65206.40848370663
K:  14 , RMSE:  65205.05746128188
K:  15 , RMSE:  64978.634678681155
K:  16 , RMSE:  64741.56373482282
K:  17 , RMSE:  64706.125017347586
K:  18 , RMSE:  64408.27598251937
K:  19 , RMSE:  64388.38607699743
K:  20 , RMSE:  64369.65896119278
K:  21 , RMSE:  50905.02691175659
K:  22 , RMSE:  50336.51631395293
K:  23 , RMSE:  49674.2699817274
K:  24 , RMSE:  49594.79019273521
K:  25 , RMSE:  49583.08709173376
K:  26 , RMSE:  49563.71367255638
K:  27 , RMSE:  49561.44872715208
K:  28 , RMSE:  49561.26397214839
K:  29 , RMSE:  49356.16932275179
K:  30 , RMSE:  49328.1588676432
K:  31 , RMSE:  49311.17655106967
K:  32 , RMSE:  49290.845773416186
K:  33 , RMSE:  49009.21840052802
K:  34 , RMSE:  48946.46505484402
K:  35 , RMSE:  48663.53977581527
K:  36 , RMSE:  48636.774312178415
K:  37 , RMSE:  48269.9352242248
K:  38 , RMSE:  48211.48021037182
K:  39 , RMSE:  47911.07288462434
K:  40 , RMSE:  47888.86834285669
K:  41 , RMSE:  47814.97870522386
K:  42 , RMSE:  47814.866260362964
K:  43 , RMSE:  47641.30070465432
K:  44 , RMSE:  47648.734611520835
K:  45 , RMSE:  47580.94885754682
K:  46 , RMSE:  47216.554124458075
K:  47 , RMSE:  47100.977414752735
K:  48 , RMSE:  47103.05115605001
K:  49 , RMSE:  46856.72042583303
K:  50 , RMSE:  46727.68775733968
K:  51 , RMSE:  46660.61410692159
K:  52 , RMSE:  46349.37620597518
K:  53 , RMSE:  45965.95829927901
K:  54 , RMSE:  45953.5510644765
K:  55 , RMSE:  45927.43799827222
K:  56 , RMSE:  45884.31973350367
K:  57 , RMSE:  45884.25512029662
K:  58 , RMSE:  45683.428955633535
K:  59 , RMSE:  45683.43679486678
K:  60 , RMSE:  45519.25168553768
K:  61 , RMSE:  45358.60607820218
K:  62 , RMSE:  45346.43339125391
K:  63 , RMSE:  45321.528974882014
K:  64 , RMSE:  45314.95165469167
K:  65 , RMSE:  45314.94374328513
K:  66 , RMSE:  44933.19880934776
K:  67 , RMSE:  44692.697018819104
K:  68 , RMSE:  44684.360278100525
K:  69 , RMSE:  44359.88501518268
K:  70 , RMSE:  44324.236495664736
K:  71 , RMSE:  44001.58808359742
K:  72 , RMSE:  43972.86539164661
K:  73 , RMSE:  43972.88773246427
K:  74 , RMSE:  43965.19307183312
K:  75 , RMSE:  43950.883453510934
K:  76 , RMSE:  43874.09603573831
K:  77 , RMSE:  43873.10620709414
K:  78 , RMSE:  43418.53139556901
K:  79 , RMSE:  43400.64893995243
K:  80 , RMSE:  43305.13097317905
K:  81 , RMSE:  42986.388227277945
K:  82 , RMSE:  42848.38157404129
K:  83 , RMSE:  42836.28702542478
K:  84 , RMSE:  42836.313203137564
K:  85 , RMSE:  42836.27732739056
K:  86 , RMSE:  42835.38516574459
K:  87 , RMSE:  42484.31419701164
K:  88 , RMSE:  42458.668089699095
K:  89 , RMSE:  41980.24259748303
K:  90 , RMSE:  41977.54151927365
K:  91 , RMSE:  41978.28285941772
K:  92 , RMSE:  41978.70684252211
K:  93 , RMSE:  41978.78794460949
K:  94 , RMSE:  41976.11921622521
K:  95 , RMSE:  41759.86205975012
K:  96 , RMSE:  41741.88172763826
K:  97 , RMSE:  41740.28695904215
K:  98 , RMSE:  41740.028486536525
K:  99 , RMSE:  41741.016103586364
K:  100 , RMSE:  41741.65160369533
K:  101 , RMSE:  41740.68789863228
K:  102 , RMSE:  41662.09508862971
K:  103 , RMSE:  41662.668167747426
Best RMSE :  41662.09508862971  K:  102
Predicting using :  {'n_jobs': 4}
Experiment started at  2021-04-05 00:22:14.679399
Experiment ended at  2021-04-05 00:47:02.649337
