Experiment started at  1617068163.6235983 

Loading data...
ada_boost
Current param:  {'base_estimator': DecisionTreeRegressor(max_depth=5), 'learning_rate': 1.0, 'n_estimators': 200, 'random_state': 42}
Fold:  1 , RMSE:  55623.747399632004
Fold:  2 , RMSE:  56446.50792230472
Fold:  3 , RMSE:  57961.29839881245
Average RMSE:  56677.18457358305
Current param:  {'base_estimator': DecisionTreeRegressor(max_depth=5), 'learning_rate': 1.0, 'n_estimators': 500, 'random_state': 42}
Fold:  1 , RMSE:  61373.96059377766
Fold:  2 , RMSE:  58779.89170480204
Fold:  3 , RMSE:  60995.75806496797
Average RMSE:  60383.2034545159
Current param:  {'base_estimator': DecisionTreeRegressor(max_depth=5), 'learning_rate': 1.0, 'n_estimators': 1000, 'random_state': 42}
Fold:  1 , RMSE:  62930.56491066862
Fold:  2 , RMSE:  59780.597776733615
Fold:  3 , RMSE:  61535.60016794931
Average RMSE:  61415.58761845052
Current param:  {'base_estimator': DecisionTreeRegressor(max_depth=7), 'learning_rate': 1.0, 'n_estimators': 200, 'random_state': 42}
Fold:  1 , RMSE:  38730.83302073667
Fold:  2 , RMSE:  37718.70028120479
Fold:  3 , RMSE:  36612.56908133778
Average RMSE:  37687.36746109308
Current param:  {'base_estimator': DecisionTreeRegressor(max_depth=7), 'learning_rate': 1.0, 'n_estimators': 500, 'random_state': 42}
Fold:  1 , RMSE:  40396.86081717194
Fold:  2 , RMSE:  39097.45779113486
Fold:  3 , RMSE:  38919.9516897396
Average RMSE:  39471.42343268214
Current param:  {'base_estimator': DecisionTreeRegressor(max_depth=7), 'learning_rate': 1.0, 'n_estimators': 1000, 'random_state': 42}
Fold:  1 , RMSE:  41236.66147307007
Fold:  2 , RMSE:  40106.18518220713
Fold:  3 , RMSE:  39785.878915928646
Average RMSE:  40376.24185706861
Current param:  {'base_estimator': DecisionTreeRegressor(max_depth=10), 'learning_rate': 1.0, 'n_estimators': 200, 'random_state': 42}
Fold:  1 , RMSE:  23744.394097554148
Fold:  2 , RMSE:  23957.817341147907
Fold:  3 , RMSE:  23968.44773003087
Average RMSE:  23890.219722910977
Current param:  {'base_estimator': DecisionTreeRegressor(max_depth=10), 'learning_rate': 1.0, 'n_estimators': 500, 'random_state': 42}
Fold:  1 , RMSE:  23803.71150023227
Fold:  2 , RMSE:  23966.79944936787
Fold:  3 , RMSE:  24587.93869440678
Average RMSE:  24119.483214668973
Current param:  {'base_estimator': DecisionTreeRegressor(max_depth=10), 'learning_rate': 1.0, 'n_estimators': 1000, 'random_state': 42}
Fold:  1 , RMSE:  23821.433242257765
Fold:  2 , RMSE:  24256.607403742306
Fold:  3 , RMSE:  24812.820573966797
Average RMSE:  24296.953739988956
K:  1 , RMSE:  105458.58691382092
K:  2 , RMSE:  104759.00225339756
K:  3 , RMSE:  77780.34322843222
K:  4 , RMSE:  82932.2033476559
K:  5 , RMSE:  84293.95405442057
K:  6 , RMSE:  83551.07880795319
K:  7 , RMSE:  84181.44146370236
K:  8 , RMSE:  81045.08415775455
K:  9 , RMSE:  79433.85459911413
K:  10 , RMSE:  85035.29563595421
K:  11 , RMSE:  86973.52503561067
K:  12 , RMSE:  82083.8200986947
K:  13 , RMSE:  78955.53844785744
K:  14 , RMSE:  85179.09597240602
K:  15 , RMSE:  83395.75317299734
K:  16 , RMSE:  79847.97738831259
K:  17 , RMSE:  79808.63461227635
K:  18 , RMSE:  80731.94228534767
K:  19 , RMSE:  81062.00149920258
K:  20 , RMSE:  83408.8198822094
K:  21 , RMSE:  78190.94505936785
K:  22 , RMSE:  73554.73403858143
K:  23 , RMSE:  76480.7818948869
K:  24 , RMSE:  77152.09875425314
K:  25 , RMSE:  79751.682790981
K:  26 , RMSE:  75073.25379795463
K:  27 , RMSE:  76096.43342269682
K:  28 , RMSE:  75482.23762604238
K:  29 , RMSE:  77693.00555821307
K:  30 , RMSE:  76486.54165644199
K:  31 , RMSE:  78114.9428907804
K:  32 , RMSE:  77921.37547394249
K:  33 , RMSE:  76168.4413678142
K:  34 , RMSE:  77221.74945909248
K:  35 , RMSE:  81147.8342152064
K:  36 , RMSE:  77972.84654261125
K:  37 , RMSE:  76788.20939466999
K:  38 , RMSE:  76708.8406135229
K:  39 , RMSE:  75448.55776966798
K:  40 , RMSE:  76666.21432828279
K:  41 , RMSE:  77074.43076037317
K:  42 , RMSE:  75906.5232176509
K:  43 , RMSE:  76109.67886547418
K:  44 , RMSE:  78683.68292650742
K:  45 , RMSE:  76687.26131239696
K:  46 , RMSE:  77373.523777033
K:  47 , RMSE:  78100.69583022028
K:  48 , RMSE:  78381.88219927558
K:  49 , RMSE:  77561.96118560678
K:  50 , RMSE:  76117.45857203055
K:  51 , RMSE:  76396.69801836347
K:  52 , RMSE:  77985.38026634576
K:  53 , RMSE:  77411.6704544862
K:  54 , RMSE:  78832.60525219432
K:  55 , RMSE:  75899.97440907481
K:  56 , RMSE:  73169.37983976999
K:  57 , RMSE:  77567.09074890445
K:  58 , RMSE:  76716.96440425045
K:  59 , RMSE:  79348.10610128597
K:  60 , RMSE:  78888.33449396015
K:  61 , RMSE:  78290.67773349534
K:  62 , RMSE:  79803.69209517309
K:  63 , RMSE:  79042.72085598906
K:  64 , RMSE:  76622.8174567534
K:  65 , RMSE:  81248.02112873162
K:  66 , RMSE:  74128.95952176435
K:  67 , RMSE:  77005.46007588968
K:  68 , RMSE:  78431.92974194135
K:  69 , RMSE:  76861.094715207
K:  70 , RMSE:  78490.95017668615
K:  71 , RMSE:  75603.01999890617
K:  72 , RMSE:  77622.48932158048
K:  73 , RMSE:  77942.76172598994
K:  74 , RMSE:  76740.84808926207
K:  75 , RMSE:  75755.98671090558
K:  76 , RMSE:  77591.7658822223
K:  77 , RMSE:  78823.91901905075
K:  78 , RMSE:  78606.12692723867
K:  79 , RMSE:  80197.99155541278
K:  80 , RMSE:  76341.61243285942
K:  81 , RMSE:  76054.49643277343
K:  82 , RMSE:  78387.43616728541
K:  83 , RMSE:  77112.0810871604
K:  84 , RMSE:  79197.6235273668
K:  85 , RMSE:  77271.26567981757
K:  86 , RMSE:  77392.3425319656
K:  87 , RMSE:  79374.53325392776
K:  88 , RMSE:  77732.18270394797
K:  89 , RMSE:  78963.54681492118
K:  90 , RMSE:  79881.11840907838
K:  91 , RMSE:  75576.03556169233
K:  92 , RMSE:  75700.84610308026
K:  93 , RMSE:  81889.3164261432
K:  94 , RMSE:  76589.75728642118
K:  95 , RMSE:  79004.4947390792
K:  96 , RMSE:  75237.07558748328
K:  97 , RMSE:  80296.41169804812
K:  98 , RMSE:  79910.71182729355
K:  99 , RMSE:  79451.15711122795
K:  100 , RMSE:  77923.65569768267
K:  101 , RMSE:  76120.94692409605
K:  102 , RMSE:  76952.38698499602
K:  103 , RMSE:  78032.20630454576
Best RMSE :  73169.37983976999  K:  56
Predicting using :  {'base_estimator': DecisionTreeRegressor(max_depth=10), 'learning_rate': 1.0, 'n_estimators': 1000, 'random_state': 42}
