Experiment started at  1617530450.3008955 

Loading data...
random_forest
Current param:  {'n_estimators': 200, 'n_jobs': 4, 'random_state': 42, 'verbose': 1}
Fold:  1 , RMSE:  18738.503710646724
Fold:  2 , RMSE:  18862.257772873774
Fold:  3 , RMSE:  18685.128030316213
Average RMSE:  18761.963171278905
Current param:  {'n_estimators': 500, 'n_jobs': 4, 'random_state': 42, 'verbose': 1}
Fold:  1 , RMSE:  18701.09814557433
Fold:  2 , RMSE:  18818.922948480944
Fold:  3 , RMSE:  18657.35636159987
Average RMSE:  18725.792485218382
Current param:  {'n_estimators': 1000, 'n_jobs': 4, 'random_state': 42, 'verbose': 1}
Fold:  1 , RMSE:  18683.78689747089
Fold:  2 , RMSE:  18805.725802122968
Fold:  3 , RMSE:  18645.91598658192
Average RMSE:  18711.809562058595
K:  1 , RMSE:  99605.219664658
K:  2 , RMSE:  99605.19237613522
K:  3 , RMSE:  64166.688649802265
K:  4 , RMSE:  63954.79628691523
K:  5 , RMSE:  63608.79593963492
K:  6 , RMSE:  63626.70729703867
K:  7 , RMSE:  53834.39952399304
K:  8 , RMSE:  53684.13016048167
K:  9 , RMSE:  53560.01687306635
K:  10 , RMSE:  53521.673313606945
K:  11 , RMSE:  53463.52679141865
K:  12 , RMSE:  53554.60522007603
K:  13 , RMSE:  53416.436756727664
K:  14 , RMSE:  53390.94501428709
K:  15 , RMSE:  53322.62920740756
K:  16 , RMSE:  53131.44392496652
K:  17 , RMSE:  53124.40117365031
K:  18 , RMSE:  53011.40361922973
K:  19 , RMSE:  52956.181374449705
K:  20 , RMSE:  52792.23093099801
K:  21 , RMSE:  23146.83388633818
K:  22 , RMSE:  23087.60122179706
K:  23 , RMSE:  22560.513845845697
K:  24 , RMSE:  21981.368302989376
K:  25 , RMSE:  21971.37529861485
K:  26 , RMSE:  21949.07315969822
K:  27 , RMSE:  21985.89749444768
K:  28 , RMSE:  21960.47604428426
K:  29 , RMSE:  21924.77079586092
K:  30 , RMSE:  21834.841683771185
K:  31 , RMSE:  21836.98432639149
K:  32 , RMSE:  21855.476486181964
K:  33 , RMSE:  21827.524766057115
K:  34 , RMSE:  21688.641030060742
K:  35 , RMSE:  21670.779518708932
K:  36 , RMSE:  21695.268750849493
K:  37 , RMSE:  21585.131450994166
K:  38 , RMSE:  21542.23014988254
K:  39 , RMSE:  21568.485974744835
K:  40 , RMSE:  21578.52385477651
K:  41 , RMSE:  21521.118466220923
K:  42 , RMSE:  21537.348696966914
K:  43 , RMSE:  21540.18536026512
K:  44 , RMSE:  21519.2671349204
K:  45 , RMSE:  21358.86802032482
K:  46 , RMSE:  21231.26211873887
K:  47 , RMSE:  21214.18259315169
K:  48 , RMSE:  21200.713660123834
K:  49 , RMSE:  21022.512936255218
K:  50 , RMSE:  21008.523056593225
K:  51 , RMSE:  21029.7931009751
K:  52 , RMSE:  20938.988410170427
K:  53 , RMSE:  20888.878861095232
K:  54 , RMSE:  20925.42889615727
K:  55 , RMSE:  20913.475683716784
K:  56 , RMSE:  20871.280283184642
K:  57 , RMSE:  20937.3937244949
K:  58 , RMSE:  20872.600701146806
K:  59 , RMSE:  20877.210747417994
K:  60 , RMSE:  20624.626962835475
K:  61 , RMSE:  20633.564231504453
K:  62 , RMSE:  20623.80931893487
K:  63 , RMSE:  20585.729004617773
K:  64 , RMSE:  20589.081185060386
K:  65 , RMSE:  20624.05201350898
K:  66 , RMSE:  20558.88521379194
K:  67 , RMSE:  20513.857047042726
K:  68 , RMSE:  20513.3620802939
K:  69 , RMSE:  19241.059389456845
K:  70 , RMSE:  19243.899392824413
K:  71 , RMSE:  19189.130626564925
K:  72 , RMSE:  19148.25989443756
K:  73 , RMSE:  19174.5958254646
K:  74 , RMSE:  19212.921132219515
K:  75 , RMSE:  19202.208121378088
K:  76 , RMSE:  19189.0179093594
K:  77 , RMSE:  19218.39514193064
K:  78 , RMSE:  19193.18921630508
K:  79 , RMSE:  19226.926123346875
K:  80 , RMSE:  19176.568554986225
K:  81 , RMSE:  19145.81961691495
K:  82 , RMSE:  18638.919282488416
K:  83 , RMSE:  18633.77725195982
K:  84 , RMSE:  18649.896171206165
K:  85 , RMSE:  18626.135008816527
K:  86 , RMSE:  18622.936547885452
K:  87 , RMSE:  18612.638126284215
K:  88 , RMSE:  18520.36485330393
K:  89 , RMSE:  18552.19608460723
K:  90 , RMSE:  18551.75846864453
K:  91 , RMSE:  18553.789510263905
K:  92 , RMSE:  18491.248337636862
K:  93 , RMSE:  18434.961892392406
K:  94 , RMSE:  18489.43959585654
K:  95 , RMSE:  18446.683788130107
K:  96 , RMSE:  18460.72361157373
K:  97 , RMSE:  18327.8509933713
K:  98 , RMSE:  18272.56941522624
K:  99 , RMSE:  18305.317693498168
K:  100 , RMSE:  18340.125486354547
K:  101 , RMSE:  18325.258607805165
K:  102 , RMSE:  18277.96495904358
K:  103 , RMSE:  18319.549407581442
Best RMSE :  18272.56941522624  K:  98
Predicting using :  {'n_estimators': 1000, 'n_jobs': 4, 'random_state': 42, 'verbose': 1}
